SASDetectionDefinition/:1  Refused to load the font 'data:font/woff2;charset=utf-8;base64,d09GMgABAAAAABMUAAsAAAAAKMwAABLCAAEAAAAAAAAAAAAAAAAAAAAAAAAAAAAAHIlWBmAAi34KqmyjKwE2AiQDgkALgSIABCAFhEYHhUEbnyMzg/aatGqziOpJNvu/JGhLhnjjdVVKiQVRRpQIMYb+arBrcnXzpDWxiZ/03+6d7uYA0kgNGvfxjeHHsZxySFI0efhYa+/v7iGeriQ0iXmiiXjIROjWyEwnREJiiNL8r7ned9lNjoj/UviIZqqAwagvZXWN7vQH2uY/PCuxGixE3Zco9c7GTcI4jGiM5Ixl6zZYJOu4deqq/4JF6qJ74B9A4MjcdjWnBf6vzeoX1p0qiEwH0j3ielqTJCVtAmTUucAVrqMqJHm7J9HDZROQwmB/an6zL7XMHhb7kozZWv+/7xgEJkGCJ4SvEGy5v2EaHaSESvAJKgL+b+1f7X9BlMATAqHj4/Ts7Pz/9965+zA0mU...XXpmR3VtR0dCpyLiujaovvj5+KtUgji1wURGEURfHfW2t7xN78uHdWCaIkK6qmG6ZlO67nB2EUJ2mWF2VVN23XD+M0L+u2H+d1P+/3c+PWnXsPHj159uLVm3cfPv3w06+1E4djcEp8pIkajrO8rrae6CANodanYjnsMOjvPs5bVgvm3PY5ngwIMHpSAsduswsJRXd1h8ht8qbuvHEFC1Le1k3CSguYSnda1Hpizut6j+v6lcpk1jV8WTubnUkq9YJmC35oc1B5WOf1E1shw7y1Lc5SufGpPvWxpMrXEQTTyiQU5XykG6GV8eQ2MeYe/RIqTCqbJZWWI6WcS0VNsEMtrQohzsDUKYUjhPVUVKcao2ymgdHHkg85oe8mtn0RidRGaw9spajmcoNUOUbYzvdjUWvijHRRJNoBOwxt3qwSgzTM8xwLA7Sk2rIvHxPQZnnqEqjSVXLtxxs3a2EV10pDp0j97k5eVRwGhBeRmUwLBt96c+0fKpKFkbVcKwAA' because it violates the following Content Security Policy directive: "default-src 'self'". Note that 'font-src' was not explicitly set, so 'default-src' is used as a fallback.

entry.js:7 NOVA_VERSION: 51.0.2
index.js:107  1:25:56.273 PM ERROR ApplicationSwitcherMain: SAS root service worker registration failed: SecurityError: Failed to register a ServiceWorker for scope ('https://eibpoc.sas.env/') with script ('https://eibpoc.sas.env/SASDetectionDefinition/pwa/root-service-worker.js'): An SSL certificate error occurred when fetching the script.
(anonymous) @ index.js:107
Show 1 more frame
Show less
ltjsLoaderUtil.js:268 LTJS load: WASM load time: 1035.7000000476837 ms
entry.js:59  SAS webapp service worker registration failed:  DOMException: Failed to register a ServiceWorker for scope ('https://eibpoc.sas.env/SASDetectionDefinition/') with script ('https://eibpoc.sas.env/SASDetectionDefinition/webapp-service-worker.js'): An SSL certificate error occurred when fetching the script.
(anonymous) @ entry.js:59
ltjsRuntime.js:56 LTJS: getFormatLocale en-US
ltjsRuntime.js:57 LTJS: getLocale en-US
ltjsRuntime.js:96 *******************************
ltjsRuntime.js:97 LTJS PLATFORM INITIALIZATION SUCCESS
ltjsRuntime.js:98 *******************************
localization/?sso_retry=POST&code=mmm0DFXYpfWdl9svOATNgblwvZwqoxEk&state=5da80730-35a4-4c60-b3c1-22f4f1c23314:1 
        
        
        Failed to load resource: the server responded with a status of 449 ()
preferences/preferences/@currentUser/_hc_xx_:1 
        
        
        Failed to load resource: the server responded with a status of 404 ()
authorization/?code=d5i6g2DcFGjnSNNXICfnJzHY_6QyT8o_&state=HZwGt7CWTuWWlr6PwgFxc1Kl7fgbOg4v6rrvcfwjbQY%3D:1 
        
        
        Failed to load resource: the server responded with a status of 449 ()
useLocaleFormatter.js:140  Cannot formatDate. Error:  RangeError: Invalid time value
(anonymous) @ useLocaleFormatter.js:140
Show 1 more frame
Show less
Device.js?eval:21 2025-06-20 13:26:17 [] Device API logging initialized - DEVICE
preferences/preferences/@currentUser/FormatLocale.DefaultLocale:1 
        
        
        Failed to load resource: the server responded with a status of 404 ()
entry.js:7 NOVA_VERSION: 51.0.3
localization/bundles?start=0&limit=30:1 
        
        
        Failed to load resource: the server responded with a status of 403 ()
assert.js?eval:6  Assertion failed: could not find any translatable text for key 'sas.icons.hc.appendDataNodeIndicator.txt' in bundle 'resources/20250410195940/sas/hc/ui/core/messagebundle.properties'
eval @ assert.js?eval:6
assert.js?eval:6  Assertion failed: could not find any translatable text for key 'sas.icons.hc.thumbnailShoppingCart.txt' in bundle 'resources/20250410195940/sas/hc/ui/core/messagebundle.properties'
eval @ assert.js?eval:6
entry.js:59  SAS webapp service worker registration failed:  DOMException: Failed to register a ServiceWorker for scope ('https://eibpoc.sas.env/SASEnvironmentManager/') with script ('https://eibpoc.sas.env/SASEnvironmentManager/webapp-service-worker.js'): An SSL certificate error occurred when fetching the script.
(anonymous) @ entry.js:59
SASEnvironmentManager/?launchedFromAppSwitcher=true&useTransitionSplash=true:1  Refused to apply style from 'https://eibpoc.sas.env/SASEnvironmentManager/resources/20250410195940/sas/grid/ui/themes/sas_corporate/library.css' because its MIME type ('text/plain') is not a supported stylesheet MIME type, and strict MIME checking is enabled.
ltjsLoaderUtil.js:268 LTJS load: WASM load time: 767.8999998569489 ms
ltjsRuntime.js:56 LTJS: getFormatLocale en-US
ltjsRuntime.js:57 LTJS: getLocale en-US
ltjsRuntime.js:96 *******************************
ltjsRuntime.js:97 LTJS PLATFORM INITIALIZATION SUCCESS
ltjsRuntime.js:98 *******************************
authorization/bulkDecision:1 
        
        
        Failed to load resource: the server responded with a status of 403 ()
configuration:1  Refused to apply style from 'https://eibpoc.sas.env/SASEnvironmentManager/resources/20250410195940/sas/grid/ui/themes/sas_corporate/library.css' because its MIME type ('text/plain') is not a supported stylesheet MIME type, and strict MIME checking is enabled.
documentation.sas.com/api/features/sessionFeatureList:1 
        
        
        Failed to load resource: net::ERR_NAME_NOT_RESOLVED
useConfigurationDialogController.ts:271  Uncaught (in promise) TypeError: Cannot read properties of null (reading 'focus')
    at useConfigurationDialogController.ts:271:67
    at useConfigurationDialogController.ts:468:10
    at BaseDialog.js:71:28
    at onClick (BaseButton.js:197:11)
    at Object.ke (react-dom.production.min.js:54:317)
    at je (react-dom.production.min.js:54:471)
    at react-dom.production.min.js:55:35
    at Ra (react-dom.production.min.js:105:68)
    at Pa (react-dom.production.min.js:106:380)
    at react-dom.production.min.js:117:104
(anonymous) @ useConfigurationDialogController.ts:271
(anonymous) @ useConfigurationDialogController.ts:468
(anonymous) @ BaseDialog.js:71
onClick @ BaseButton.js:197
ke @ react-dom.production.min.js:54
je @ react-dom.production.min.js:54
(anonymous) @ react-dom.production.min.js:55
Ra @ react-dom.production.min.js:105
Pa @ react-dom.production.min.js:106
(anonymous) @ react-dom.production.min.js:117
dc @ react-dom.production.min.js:274
Te @ react-dom.production.min.js:52
Ua @ react-dom.production.min.js:109
Kt @ react-dom.production.min.js:74
Wt @ react-dom.production.min.js:73
Show 13 more frames
Show less
useConfigurationDialogController.ts:271  Uncaught (in promise) TypeError: Cannot read properties of null (reading 'focus')
    at useConfigurationDialogController.ts:271:67
    at useConfigurationDialogController.ts:468:10
    at BaseDialog.js:71:28
    at onClick (BaseButton.js:197:11)
    at Object.ke (react-dom.production.min.js:54:317)
    at je (react-dom.production.min.js:54:471)
    at react-dom.production.min.js:55:35
    at Ra (react-dom.production.min.js:105:68)
    at Pa (react-dom.production.min.js:106:380)
    at react-dom.production.min.js:117:104
(anonymous) @ useConfigurationDialogController.ts:271
(anonymous) @ useConfigurationDialogController.ts:468
(anonymous) @ BaseDialog.js:71
onClick @ BaseButton.js:197
ke @ react-dom.production.min.js:54
je @ react-dom.production.min.js:54
(anonymous) @ react-dom.production.min.js:55
Ra @ react-dom.production.min.js:105
Pa @ react-dom.production.min.js:106
(anonymous) @ react-dom.production.min.js:117
dc @ react-dom.production.min.js:274
Te @ react-dom.production.min.js:52
Ua @ react-dom.production.min.js:109
Kt @ react-dom.production.min.js:74
Wt @ react-dom.production.min.js:73
Show 13 more frames
Show less
useConfigurationDialogController.ts:271  Uncaught (in promise) TypeError: Cannot read properties of null (reading 'focus')
    at useConfigurationDialogController.ts:271:67
    at useConfigurationDialogController.ts:468:10
    at BaseDialog.js:71:28
    at onClick (BaseButton.js:197:11)
    at Object.ke (react-dom.production.min.js:54:317)
    at je (react-dom.production.min.js:54:471)
    at react-dom.production.min.js:55:35
    at Ra (react-dom.production.min.js:105:68)
    at Pa (react-dom.production.min.js:106:380)
    at react-dom.production.min.js:117:104
(anonymous) @ useConfigurationDialogController.ts:271
(anonymous) @ useConfigurationDialogController.ts:468
(anonymous) @ BaseDialog.js:71
onClick @ BaseButton.js:197
ke @ react-dom.production.min.js:54
je @ react-dom.production.min.js:54
(anonymous) @ react-dom.production.min.js:55
Ra @ react-dom.production.min.js:105
Pa @ react-dom.production.min.js:106
(anonymous) @ react-dom.production.min.js:117
dc @ react-dom.production.min.js:274
Te @ react-dom.production.min.js:52
Ua @ react-dom.production.min.js:109
Kt @ react-dom.production.min.js:74
Wt @ react-dom.production.min.js:73
Show 13 more frames
Show less
useConfigurationDialogController.ts:271  Uncaught (in promise) TypeError: Cannot read properties of null (reading 'focus')
    at useConfigurationDialogController.ts:271:67
    at useConfigurationDialogController.ts:468:10
    at BaseDialog.js:71:28
    at onClick (BaseButton.js:197:11)
    at Object.ke (react-dom.production.min.js:54:317)
    at je (react-dom.production.min.js:54:471)
    at react-dom.production.min.js:55:35
    at Ra (react-dom.production.min.js:105:68)
    at Pa (react-dom.production.min.js:106:380)
    at react-dom.production.min.js:117:104
(anonymous) @ useConfigurationDialogController.ts:271
(anonymous) @ useConfigurationDialogController.ts:468
(anonymous) @ BaseDialog.js:71
onClick @ BaseButton.js:197
ke @ react-dom.production.min.js:54
je @ react-dom.production.min.js:54
(anonymous) @ react-dom.production.min.js:55
Ra @ react-dom.production.min.js:105
Pa @ react-dom.production.min.js:106
(anonymous) @ react-dom.production.min.js:117
dc @ react-dom.production.min.js:274
Te @ react-dom.production.min.js:52
Ua @ react-dom.production.min.js:109
Kt @ react-dom.production.min.js:74
Wt @ react-dom.production.min.js:73
Show 13 more frames
Show less
useConfigurationDialogController.ts:271  Uncaught (in promise) TypeError: Cannot read properties of null (reading 'focus')
    at useConfigurationDialogController.ts:271:67
    at useConfigurationDialogController.ts:468:10
    at BaseDialog.js:71:28
    at onClick (BaseButton.js:197:11)
    at Object.ke (react-dom.production.min.js:54:317)
    at je (react-dom.production.min.js:54:471)
    at react-dom.production.min.js:55:35
    at Ra (react-dom.production.min.js:105:68)
    at Pa (react-dom.production.min.js:106:380)
    at react-dom.production.min.js:117:104
(anonymous) @ useConfigurationDialogController.ts:271
(anonymous) @ useConfigurationDialogController.ts:468
(anonymous) @ BaseDialog.js:71
onClick @ BaseButton.js:197
ke @ react-dom.production.min.js:54
je @ react-dom.production.min.js:54
(anonymous) @ react-dom.production.min.js:55
Ra @ react-dom.production.min.js:105
Pa @ react-dom.production.min.js:106
(anonymous) @ react-dom.production.min.js:117
dc @ react-dom.production.min.js:274
Te @ react-dom.production.min.js:52
Ua @ react-dom.production.min.js:109
Kt @ react-dom.production.min.js:74
Wt @ react-dom.production.min.js:73
Show 13 more frames
Show less
useConfigurationDialogController.ts:271  Uncaught (in promise) TypeError: Cannot read properties of null (reading 'focus')
    at useConfigurationDialogController.ts:271:67
    at useConfigurationDialogController.ts:468:10
    at BaseDialog.js:71:28
    at onClick (BaseButton.js:197:11)
    at Object.ke (react-dom.production.min.js:54:317)
    at je (react-dom.production.min.js:54:471)
    at react-dom.production.min.js:55:35
    at Ra (react-dom.production.min.js:105:68)
    at Pa (react-dom.production.min.js:106:380)
    at react-dom.production.min.js:117:104
(anonymous) @ useConfigurationDialogController.ts:271
(anonymous) @ useConfigurationDialogController.ts:468
(anonymous) @ BaseDialog.js:71
onClick @ BaseButton.js:197
ke @ react-dom.production.min.js:54
je @ react-dom.production.min.js:54
(anonymous) @ react-dom.production.min.js:55
Ra @ react-dom.production.min.js:105
Pa @ react-dom.production.min.js:106
(anonymous) @ react-dom.production.min.js:117
dc @ react-dom.production.min.js:274
Te @ react-dom.production.min.js:52
Ua @ react-dom.production.min.js:109
Kt @ react-dom.production.min.js:74
Wt @ react-dom.production.min.js:73
Show 13 more frames
Show less
useConfigurationDialogController.ts:271  Uncaught (in promise) TypeError: Cannot read properties of null (reading 'focus')
    at useConfigurationDialogController.ts:271:67
    at useConfigurationDialogController.ts:468:10
    at BaseDialog.js:71:28
    at onClick (BaseButton.js:197:11)
    at Object.ke (react-dom.production.min.js:54:317)
    at je (react-dom.production.min.js:54:471)
    at react-dom.production.min.js:55:35
    at Ra (react-dom.production.min.js:105:68)
    at Pa (react-dom.production.min.js:106:380)
    at react-dom.production.min.js:117:104
(anonymous) @ useConfigurationDialogController.ts:271
(anonymous) @ useConfigurationDialogController.ts:468
(anonymous) @ BaseDialog.js:71
onClick @ BaseButton.js:197
ke @ react-dom.production.min.js:54
je @ react-dom.production.min.js:54
(anonymous) @ react-dom.production.min.js:55
Ra @ react-dom.production.min.js:105
Pa @ react-dom.production.min.js:106
(anonymous) @ react-dom.production.min.js:117
dc @ react-dom.production.min.js:274
Te @ react-dom.production.min.js:52
Ua @ react-dom.production.min.js:109
Kt @ react-dom.production.min.js:74
Wt @ react-dom.production.min.js:73
Show 13 more frames
Show less
useConfigurationDialogController.ts:271  Uncaught (in promise) TypeError: Cannot read properties of null (reading 'focus')
    at useConfigurationDialogController.ts:271:67
    at useConfigurationDialogController.ts:468:10
    at BaseDialog.js:71:28
    at onClick (BaseButton.js:197:11)
    at Object.ke (react-dom.production.min.js:54:317)
    at je (react-dom.production.min.js:54:471)
    at react-dom.production.min.js:55:35
    at Ra (react-dom.production.min.js:105:68)
    at Pa (react-dom.production.min.js:106:380)
    at react-dom.production.min.js:117:104
(anonymous) @ useConfigurationDialogController.ts:271
(anonymous) @ useConfigurationDialogController.ts:468
(anonymous) @ BaseDialog.js:71
onClick @ BaseButton.js:197
ke @ react-dom.production.min.js:54
je @ react-dom.production.min.js:54
(anonymous) @ react-dom.production.min.js:55
Ra @ react-dom.production.min.js:105
Pa @ react-dom.production.min.js:106
(anonymous) @ react-dom.production.min.js:117
dc @ react-dom.production.min.js:274
Te @ react-dom.production.min.js:52
Ua @ react-dom.production.min.js:109
Kt @ react-dom.production.min.js:74
Wt @ react-dom.production.min.js:73
Show 13 more frames
Show less
useConfigurationDialogController.ts:271  Uncaught (in promise) TypeError: Cannot read properties of null (reading 'focus')
    at useConfigurationDialogController.ts:271:67
    at useConfigurationDialogController.ts:468:10
    at BaseDialog.js:71:28
    at onClick (BaseButton.js:197:11)
    at Object.ke (react-dom.production.min.js:54:317)
    at je (react-dom.production.min.js:54:471)
    at react-dom.production.min.js:55:35
    at Ra (react-dom.production.min.js:105:68)
    at Pa (react-dom.production.min.js:106:380)
    at react-dom.production.min.js:117:104
(anonymous) @ useConfigurationDialogController.ts:271
(anonymous) @ useConfigurationDialogController.ts:468
(anonymous) @ BaseDialog.js:71
onClick @ BaseButton.js:197
ke @ react-dom.production.min.js:54
je @ react-dom.production.min.js:54
(anonymous) @ react-dom.production.min.js:55
Ra @ react-dom.production.min.js:105
Pa @ react-dom.production.min.js:106
(anonymous) @ react-dom.production.min.js:117
dc @ react-dom.production.min.js:274
Te @ react-dom.production.min.js:52
Ua @ react-dom.production.min.js:109
Kt @ react-dom.production.min.js:74
Wt @ react-dom.production.min.js:73
Show 13 more frames
Show less
useConfigurationDialogController.ts:271  Uncaught (in promise) TypeError: Cannot read properties of null (reading 'focus')
    at useConfigurationDialogController.ts:271:67
    at useConfigurationDialogController.ts:468:10
    at BaseDialog.js:71:28
    at onClick (BaseButton.js:197:11)
    at Object.ke (react-dom.production.min.js:54:317)
    at je (react-dom.production.min.js:54:471)
    at react-dom.production.min.js:55:35
    at Ra (react-dom.production.min.js:105:68)
    at Pa (react-dom.production.min.js:106:380)
    at react-dom.production.min.js:117:104
(anonymous) @ useConfigurationDialogController.ts:271
(anonymous) @ useConfigurationDialogController.ts:468
(anonymous) @ BaseDialog.js:71
onClick @ BaseButton.js:197
ke @ react-dom.production.min.js:54
je @ react-dom.production.min.js:54
(anonymous) @ react-dom.production.min.js:55
Ra @ react-dom.production.min.js:105
Pa @ react-dom.production.min.js:106
(anonymous) @ react-dom.production.min.js:117
dc @ react-dom.production.min.js:274
Te @ react-dom.production.min.js:52
Ua @ react-dom.production.min.js:109
Kt @ react-dom.production.min.js:74
Wt @ react-dom.production.min.js:73
Show 13 more frames
Show less
useConfigurationDialogController.ts:271  Uncaught (in promise) TypeError: Cannot read properties of null (reading 'focus')
    at useConfigurationDialogController.ts:271:67
    at useConfigurationDialogController.ts:468:10
    at BaseDialog.js:71:28
    at onClick (BaseButton.js:197:11)
    at Object.ke (react-dom.production.min.js:54:317)
    at je (react-dom.production.min.js:54:471)
    at react-dom.production.min.js:55:35
    at Ra (react-dom.production.min.js:105:68)
    at Pa (react-dom.production.min.js:106:380)
    at react-dom.production.min.js:117:104
(anonymous) @ useConfigurationDialogController.ts:271
(anonymous) @ useConfigurationDialogController.ts:468
(anonymous) @ BaseDialog.js:71
onClick @ BaseButton.js:197
ke @ react-dom.production.min.js:54
je @ react-dom.production.min.js:54
(anonymous) @ react-dom.production.min.js:55
Ra @ react-dom.production.min.js:105
Pa @ react-dom.production.min.js:106
(anonymous) @ react-dom.production.min.js:117
dc @ react-dom.production.min.js:274
Te @ react-dom.production.min.js:52
Ua @ react-dom.production.min.js:109
Kt @ react-dom.production.min.js:74
Wt @ react-dom.production.min.js:73
Show 13 more frames
Show less
useConfigurationDialogController.ts:271  Uncaught (in promise) TypeError: Cannot read properties of null (reading 'focus')
    at useConfigurationDialogController.ts:271:67
    at useConfigurationDialogController.ts:468:10
    at BaseDialog.js:71:28
    at onClick (BaseButton.js:197:11)
    at Object.ke (react-dom.production.min.js:54:317)
    at je (react-dom.production.min.js:54:471)
    at react-dom.production.min.js:55:35
    at Ra (react-dom.production.min.js:105:68)
    at Pa (react-dom.production.min.js:106:380)
    at react-dom.production.min.js:117:104
(anonymous) @ useConfigurationDialogController.ts:271
(anonymous) @ useConfigurationDialogController.ts:468
(anonymous) @ BaseDialog.js:71
onClick @ BaseButton.js:197
ke @ react-dom.production.min.js:54
je @ react-dom.production.min.js:54
(anonymous) @ react-dom.production.min.js:55
Ra @ react-dom.production.min.js:105
Pa @ react-dom.production.min.js:106
(anonymous) @ react-dom.production.min.js:117
dc @ react-dom.production.min.js:274
Te @ react-dom.production.min.js:52
Ua @ react-dom.production.min.js:109
Kt @ react-dom.production.min.js:74
Wt @ react-dom.production.min.js:73
Show 13 more frames
Show less
useConfigurationDialogController.ts:271  Uncaught (in promise) TypeError: Cannot read properties of null (reading 'focus')
    at useConfigurationDialogController.ts:271:67
    at useConfigurationDialogController.ts:468:10
    at BaseDialog.js:71:28
    at onClick (BaseButton.js:197:11)
    at Object.ke (react-dom.production.min.js:54:317)
    at je (react-dom.production.min.js:54:471)
    at react-dom.production.min.js:55:35
    at Ra (react-dom.production.min.js:105:68)
    at Pa (react-dom.production.min.js:106:380)
    at react-dom.production.min.js:117:104
(anonymous) @ useConfigurationDialogController.ts:271
(anonymous) @ useConfigurationDialogController.ts:468
(anonymous) @ BaseDialog.js:71
onClick @ BaseButton.js:197
ke @ react-dom.production.min.js:54
je @ react-dom.production.min.js:54
(anonymous) @ react-dom.production.min.js:55
Ra @ react-dom.production.min.js:105
Pa @ react-dom.production.min.js:106
(anonymous) @ react-dom.production.min.js:117
dc @ react-dom.production.min.js:274
Te @ react-dom.production.min.js:52
Ua @ react-dom.production.min.js:109
Kt @ react-dom.production.min.js:74
Wt @ react-dom.production.min.js:73
Show 13 more frames
Show less
useConfigurationDialogController.ts:271  Uncaught (in promise) TypeError: Cannot read properties of null (reading 'focus')
    at useConfigurationDialogController.ts:271:67
    at useConfigurationDialogController.ts:468:10
    at BaseDialog.js:71:28
    at onClick (BaseButton.js:197:11)
    at Object.ke (react-dom.production.min.js:54:317)
    at je (react-dom.production.min.js:54:471)
    at react-dom.production.min.js:55:35
    at Ra (react-dom.production.min.js:105:68)
    at Pa (react-dom.production.min.js:106:380)
    at react-dom.production.min.js:117:104
(anonymous) @ useConfigurationDialogController.ts:271
(anonymous) @ useConfigurationDialogController.ts:468
(anonymous) @ BaseDialog.js:71
onClick @ BaseButton.js:197
ke @ react-dom.production.min.js:54
je @ react-dom.production.min.js:54
(anonymous) @ react-dom.production.min.js:55
Ra @ react-dom.production.min.js:105
Pa @ react-dom.production.min.js:106
(anonymous) @ react-dom.production.min.js:117
dc @ react-dom.production.min.js:274
Te @ react-dom.production.min.js:52
Ua @ react-dom.production.min.js:109
Kt @ react-dom.production.min.js:74
Wt @ react-dom.production.min.js:73
Show 13 more frames
Show less
useConfigurationDialogController.ts:271  Uncaught (in promise) TypeError: Cannot read properties of null (reading 'focus')
    at useConfigurationDialogController.ts:271:67
    at useConfigurationDialogController.ts:468:10
    at BaseDialog.js:71:28
    at onClick (BaseButton.js:197:11)
    at Object.ke (react-dom.production.min.js:54:317)
    at je (react-dom.production.min.js:54:471)
    at react-dom.production.min.js:55:35
    at Ra (react-dom.production.min.js:105:68)
    at Pa (react-dom.production.min.js:106:380)
    at react-dom.production.min.js:117:104
(anonymous) @ useConfigurationDialogController.ts:271
(anonymous) @ useConfigurationDialogController.ts:468
(anonymous) @ BaseDialog.js:71
onClick @ BaseButton.js:197
ke @ react-dom.production.min.js:54
je @ react-dom.production.min.js:54
(anonymous) @ react-dom.production.min.js:55
Ra @ react-dom.production.min.js:105
Pa @ react-dom.production.min.js:106
(anonymous) @ react-dom.production.min.js:117
dc @ react-dom.production.min.js:274
Te @ react-dom.production.min.js:52
Ua @ react-dom.production.min.js:109
Kt @ react-dom.production.min.js:74
Wt @ react-dom.production.min.js:73
Show 13 more frames
Show less
useConfigurationDialogController.ts:271  Uncaught (in promise) TypeError: Cannot read properties of null (reading 'focus')
    at useConfigurationDialogController.ts:271:67
    at useConfigurationDialogController.ts:468:10
    at BaseDialog.js:71:28
    at onClick (BaseButton.js:197:11)
    at Object.ke (react-dom.production.min.js:54:317)
    at je (react-dom.production.min.js:54:471)
    at react-dom.production.min.js:55:35
    at Ra (react-dom.production.min.js:105:68)
    at Pa (react-dom.production.min.js:106:380)
    at react-dom.production.min.js:117:104
(anonymous) @ useConfigurationDialogController.ts:271
(anonymous) @ useConfigurationDialogController.ts:468
(anonymous) @ BaseDialog.js:71
onClick @ BaseButton.js:197
ke @ react-dom.production.min.js:54
je @ react-dom.production.min.js:54
(anonymous) @ react-dom.production.min.js:55
Ra @ react-dom.production.min.js:105
Pa @ react-dom.production.min.js:106
(anonymous) @ react-dom.production.min.js:117
dc @ react-dom.production.min.js:274
Te @ react-dom.production.min.js:52
Ua @ react-dom.production.min.js:109
Kt @ react-dom.production.min.js:74
Wt @ react-dom.production.min.js:73
Show 13 more frames
Show less
useConfigurationDialogController.ts:271  Uncaught (in promise) TypeError: Cannot read properties of null (reading 'focus')
    at useConfigurationDialogController.ts:271:67
    at useConfigurationDialogController.ts:468:10
    at BaseDialog.js:71:28
    at onClick (BaseButton.js:197:11)
    at Object.ke (react-dom.production.min.js:54:317)
    at je (react-dom.production.min.js:54:471)
    at react-dom.production.min.js:55:35
    at Ra (react-dom.production.min.js:105:68)
    at Pa (react-dom.production.min.js:106:380)
    at react-dom.production.min.js:117:104
(anonymous) @ useConfigurationDialogController.ts:271
(anonymous) @ useConfigurationDialogController.ts:468
(anonymous) @ BaseDialog.js:71
onClick @ BaseButton.js:197
ke @ react-dom.production.min.js:54
je @ react-dom.production.min.js:54
(anonymous) @ react-dom.production.min.js:55
Ra @ react-dom.production.min.js:105
Pa @ react-dom.production.min.js:106
(anonymous) @ react-dom.production.min.js:117
dc @ react-dom.production.min.js:274
Te @ react-dom.production.min.js:52
Ua @ react-dom.production.min.js:109
Kt @ react-dom.production.min.js:74
Wt @ react-dom.production.min.js:73
Show 13 more frames
Show less
useConfigurationDialogController.ts:271  Uncaught (in promise) TypeError: Cannot read properties of null (reading 'focus')
    at useConfigurationDialogController.ts:271:67
    at useConfigurationDialogController.ts:468:10
    at BaseDialog.js:71:28
    at onClick (BaseButton.js:197:11)
    at Object.ke (react-dom.production.min.js:54:317)
    at je (react-dom.production.min.js:54:471)
    at react-dom.production.min.js:55:35
    at Ra (react-dom.production.min.js:105:68)
    at Pa (react-dom.production.min.js:106:380)
    at react-dom.production.min.js:117:104
(anonymous) @ useConfigurationDialogController.ts:271
(anonymous) @ useConfigurationDialogController.ts:468
(anonymous) @ BaseDialog.js:71
onClick @ BaseButton.js:197
ke @ react-dom.production.min.js:54
je @ react-dom.production.min.js:54
(anonymous) @ react-dom.production.min.js:55
Ra @ react-dom.production.min.js:105
Pa @ react-dom.production.min.js:106
(anonymous) @ react-dom.production.min.js:117
dc @ react-dom.production.min.js:274
Te @ react-dom.production.min.js:52
Ua @ react-dom.production.min.js:109
Kt @ react-dom.production.min.js:74
Wt @ react-dom.production.min.js:73
Show 13 more frames
Show less
useConfigurationDialogController.ts:271  Uncaught (in promise) TypeError: Cannot read properties of null (reading 'focus')
    at useConfigurationDialogController.ts:271:67
    at useConfigurationDialogController.ts:468:10
    at BaseDialog.js:71:28
    at onClick (BaseButton.js:197:11)
    at Object.ke (react-dom.production.min.js:54:317)
    at je (react-dom.production.min.js:54:471)
    at react-dom.production.min.js:55:35
    at Ra (react-dom.production.min.js:105:68)
    at Pa (react-dom.production.min.js:106:380)
    at react-dom.production.min.js:117:104
(anonymous) @ useConfigurationDialogController.ts:271
(anonymous) @ useConfigurationDialogController.ts:468
(anonymous) @ BaseDialog.js:71
onClick @ BaseButton.js:197
ke @ react-dom.production.min.js:54
je @ react-dom.production.min.js:54
(anonymous) @ react-dom.production.min.js:55
Ra @ react-dom.production.min.js:105
Pa @ react-dom.production.min.js:106
(anonymous) @ react-dom.production.min.js:117
dc @ react-dom.production.min.js:274
Te @ react-dom.production.min.js:52
Ua @ react-dom.production.min.js:109
Kt @ react-dom.production.min.js:74
Wt @ react-dom.production.min.js:73
Show 13 more frames
Show less
useConfigurationDialogController.ts:271  Uncaught (in promise) TypeError: Cannot read properties of null (reading 'focus')
    at useConfigurationDialogController.ts:271:67
    at useConfigurationDialogController.ts:468:10
    at BaseDialog.js:71:28
    at onClick (BaseButton.js:197:11)
    at Object.ke (react-dom.production.min.js:54:317)
    at je (react-dom.production.min.js:54:471)
    at react-dom.production.min.js:55:35
    at Ra (react-dom.production.min.js:105:68)
    at Pa (react-dom.production.min.js:106:380)
    at react-dom.production.min.js:117:104
(anonymous) @ useConfigurationDialogController.ts:271
(anonymous) @ useConfigurationDialogController.ts:468
(anonymous) @ BaseDialog.js:71
onClick @ BaseButton.js:197
ke @ react-dom.production.min.js:54
je @ react-dom.production.min.js:54
(anonymous) @ react-dom.production.min.js:55
Ra @ react-dom.production.min.js:105
Pa @ react-dom.production.min.js:106
(anonymous) @ react-dom.production.min.js:117
dc @ react-dom.production.min.js:274
Te @ react-dom.production.min.js:52
Ua @ react-dom.production.min.js:109
Kt @ react-dom.production.min.js:74
Wt @ react-dom.production.min.js:73
Show 13 more frames
Show less
useConfigurationDialogController.ts:271  Uncaught (in promise) TypeError: Cannot read properties of null (reading 'focus')
    at useConfigurationDialogController.ts:271:67
    at useConfigurationDialogController.ts:468:10
    at BaseDialog.js:71:28
    at onClick (BaseButton.js:197:11)
    at Object.ke (react-dom.production.min.js:54:317)
    at je (react-dom.production.min.js:54:471)
    at react-dom.production.min.js:55:35
    at Ra (react-dom.production.min.js:105:68)
    at Pa (react-dom.production.min.js:106:380)
    at react-dom.production.min.js:117:104
(anonymous) @ useConfigurationDialogController.ts:271
(anonymous) @ useConfigurationDialogController.ts:468
(anonymous) @ BaseDialog.js:71
onClick @ BaseButton.js:197
ke @ react-dom.production.min.js:54
je @ react-dom.production.min.js:54
(anonymous) @ react-dom.production.min.js:55
Ra @ react-dom.production.min.js:105
Pa @ react-dom.production.min.js:106
(anonymous) @ react-dom.production.min.js:117
dc @ react-dom.production.min.js:274
Te @ react-dom.production.min.js:52
Ua @ react-dom.production.min.js:109
Kt @ react-dom.production.min.js:74
Wt @ react-dom.production.min.js:73
Show 13 more frames
Show less
useConfigurationDialogController.ts:271  Uncaught (in promise) TypeError: Cannot read properties of null (reading 'focus')
    at useConfigurationDialogController.ts:271:67
    at useConfigurationDialogController.ts:468:10
    at BaseDialog.js:71:28
    at onClick (BaseButton.js:197:11)
    at Object.ke (react-dom.production.min.js:54:317)
    at je (react-dom.production.min.js:54:471)
    at react-dom.production.min.js:55:35
    at Ra (react-dom.production.min.js:105:68)
    at Pa (react-dom.production.min.js:106:380)
    at react-dom.production.min.js:117:104
(anonymous) @ useConfigurationDialogController.ts:271
(anonymous) @ useConfigurationDialogController.ts:468
(anonymous) @ BaseDialog.js:71
onClick @ BaseButton.js:197
ke @ react-dom.production.min.js:54
je @ react-dom.production.min.js:54
(anonymous) @ react-dom.production.min.js:55
Ra @ react-dom.production.min.js:105
Pa @ react-dom.production.min.js:106
(anonymous) @ react-dom.production.min.js:117
dc @ react-dom.production.min.js:274
Te @ react-dom.production.min.js:52
Ua @ react-dom.production.min.js:109
Kt @ react-dom.production.min.js:74
Wt @ react-dom.production.min.js:73
Show 13 more frames
Show less
useConfigurationDialogController.ts:271  Uncaught (in promise) TypeError: Cannot read properties of null (reading 'focus')
    at useConfigurationDialogController.ts:271:67
    at useConfigurationDialogController.ts:468:10
    at BaseDialog.js:71:28
    at onClick (BaseButton.js:197:11)
    at Object.ke (react-dom.production.min.js:54:317)
    at je (react-dom.production.min.js:54:471)
    at react-dom.production.min.js:55:35
    at Ra (react-dom.production.min.js:105:68)
    at Pa (react-dom.production.min.js:106:380)
    at react-dom.production.min.js:117:104
(anonymous) @ useConfigurationDialogController.ts:271
(anonymous) @ useConfigurationDialogController.ts:468
(anonymous) @ BaseDialog.js:71
onClick @ BaseButton.js:197
ke @ react-dom.production.min.js:54
je @ react-dom.production.min.js:54
(anonymous) @ react-dom.production.min.js:55
Ra @ react-dom.production.min.js:105
Pa @ react-dom.production.min.js:106
(anonymous) @ react-dom.production.min.js:117
dc @ react-dom.production.min.js:274
Te @ react-dom.production.min.js:52
Ua @ react-dom.production.min.js:109
Kt @ react-dom.production.min.js:74
Wt @ react-dom.production.min.js:73
Show 13 more frames
Show less
useConfigurationDialogController.ts:271  Uncaught (in promise) TypeError: Cannot read properties of null (reading 'focus')
    at useConfigurationDialogController.ts:271:67
    at useConfigurationDialogController.ts:468:10
    at BaseDialog.js:71:28
    at onClick (BaseButton.js:197:11)
    at Object.ke (react-dom.production.min.js:54:317)
    at je (react-dom.production.min.js:54:471)
    at react-dom.production.min.js:55:35
    at Ra (react-dom.production.min.js:105:68)
    at Pa (react-dom.production.min.js:106:380)
    at react-dom.production.min.js:117:104
(anonymous) @ useConfigurationDialogController.ts:271
(anonymous) @ useConfigurationDialogController.ts:468
(anonymous) @ BaseDialog.js:71
onClick @ BaseButton.js:197
ke @ react-dom.production.min.js:54
je @ react-dom.production.min.js:54
(anonymous) @ react-dom.production.min.js:55
Ra @ react-dom.production.min.js:105
Pa @ react-dom.production.min.js:106
(anonymous) @ react-dom.production.min.js:117
dc @ react-dom.production.min.js:274
Te @ react-dom.production.min.js:52
Ua @ react-dom.production.min.js:109
Kt @ react-dom.production.min.js:74
Wt @ react-dom.production.min.js:73
Show 13 more frames
Show less
useConfigurationDialogController.ts:271  Uncaught (in promise) TypeError: Cannot read properties of null (reading 'focus')
    at useConfigurationDialogController.ts:271:67
    at useConfigurationDialogController.ts:468:10
    at BaseDialog.js:71:28
    at onClick (BaseButton.js:197:11)
    at Object.ke (react-dom.production.min.js:54:317)
    at je (react-dom.production.min.js:54:471)
    at react-dom.production.min.js:55:35
    at Ra (react-dom.production.min.js:105:68)
    at Pa (react-dom.production.min.js:106:380)
    at react-dom.production.min.js:117:104
(anonymous) @ useConfigurationDialogController.ts:271
(anonymous) @ useConfigurationDialogController.ts:468
(anonymous) @ BaseDialog.js:71
onClick @ BaseButton.js:197
ke @ react-dom.production.min.js:54
je @ react-dom.production.min.js:54
(anonymous) @ react-dom.production.min.js:55
Ra @ react-dom.production.min.js:105
Pa @ react-dom.production.min.js:106
(anonymous) @ react-dom.production.min.js:117
dc @ react-dom.production.min.js:274
Te @ react-dom.production.min.js:52
Ua @ react-dom.production.min.js:109
Kt @ react-dom.production.min.js:74
Wt @ react-dom.production.min.js:73
Show 13 more frames
Show less
useConfigurationDialogController.ts:271  Uncaught (in promise) TypeError: Cannot read properties of null (reading 'focus')
    at useConfigurationDialogController.ts:271:67
    at useConfigurationDialogController.ts:468:10
    at BaseDialog.js:71:28
    at onClick (BaseButton.js:197:11)
    at Object.ke (react-dom.production.min.js:54:317)
    at je (react-dom.production.min.js:54:471)
    at react-dom.production.min.js:55:35
    at Ra (react-dom.production.min.js:105:68)
    at Pa (react-dom.production.min.js:106:380)
    at react-dom.production.min.js:117:104
(anonymous) @ useConfigurationDialogController.ts:271
(anonymous) @ useConfigurationDialogController.ts:468
(anonymous) @ BaseDialog.js:71
onClick @ BaseButton.js:197
ke @ react-dom.production.min.js:54
je @ react-dom.production.min.js:54
(anonymous) @ react-dom.production.min.js:55
Ra @ react-dom.production.min.js:105
Pa @ react-dom.production.min.js:106
(anonymous) @ react-dom.production.min.js:117
dc @ react-dom.production.min.js:274
Te @ react-dom.production.min.js:52
Ua @ react-dom.production.min.js:109
Kt @ react-dom.production.min.js:74
Wt @ react-dom.production.min.js:73
Show 13 more frames
Show less
useConfigurationDialogController.ts:271  Uncaught (in promise) TypeError: Cannot read properties of null (reading 'focus')
    at useConfigurationDialogController.ts:271:67
    at useConfigurationDialogController.ts:468:10
    at BaseDialog.js:71:28
    at onClick (BaseButton.js:197:11)
    at Object.ke (react-dom.production.min.js:54:317)
    at je (react-dom.production.min.js:54:471)
    at react-dom.production.min.js:55:35
    at Ra (react-dom.production.min.js:105:68)
    at Pa (react-dom.production.min.js:106:380)
    at react-dom.production.min.js:117:104
(anonymous) @ useConfigurationDialogController.ts:271
(anonymous) @ useConfigurationDialogController.ts:468
(anonymous) @ BaseDialog.js:71
onClick @ BaseButton.js:197
ke @ react-dom.production.min.js:54
je @ react-dom.production.min.js:54
(anonymous) @ react-dom.production.min.js:55
Ra @ react-dom.production.min.js:105
Pa @ react-dom.production.min.js:106
(anonymous) @ react-dom.production.min.js:117
dc @ react-dom.production.min.js:274
Te @ react-dom.production.min.js:52
Ua @ react-dom.production.min.js:109
Kt @ react-dom.production.min.js:74
Wt @ react-dom.production.min.js:73
Show 13 more frames
Show less
useConfigurationDialogController.ts:271  Uncaught (in promise) TypeError: Cannot read properties of null (reading 'focus')
    at useConfigurationDialogController.ts:271:67
    at useConfigurationDialogController.ts:468:10
    at BaseDialog.js:71:28
    at onClick (BaseButton.js:197:11)
    at Object.ke (react-dom.production.min.js:54:317)
    at je (react-dom.production.min.js:54:471)
    at react-dom.production.min.js:55:35
    at Ra (react-dom.production.min.js:105:68)
    at Pa (react-dom.production.min.js:106:380)
    at react-dom.production.min.js:117:104
(anonymous) @ useConfigurationDialogController.ts:271
(anonymous) @ useConfigurationDialogController.ts:468
(anonymous) @ BaseDialog.js:71
onClick @ BaseButton.js:197
ke @ react-dom.production.min.js:54
je @ react-dom.production.min.js:54
(anonymous) @ react-dom.production.min.js:55
Ra @ react-dom.production.min.js:105
Pa @ react-dom.production.min.js:106
(anonymous) @ react-dom.production.min.js:117
dc @ react-dom.production.min.js:274
Te @ react-dom.production.min.js:52
Ua @ react-dom.production.min.js:109
Kt @ react-dom.production.min.js:74
Wt @ react-dom.production.min.js:73
Show 13 more frames
Show less
useConfigurationDialogController.ts:271  Uncaught (in promise) TypeError: Cannot read properties of null (reading 'focus')
    at useConfigurationDialogController.ts:271:67
    at useConfigurationDialogController.ts:468:10
    at BaseDialog.js:71:28
    at onClick (BaseButton.js:197:11)
    at Object.ke (react-dom.production.min.js:54:317)
    at je (react-dom.production.min.js:54:471)
    at react-dom.production.min.js:55:35
    at Ra (react-dom.production.min.js:105:68)
    at Pa (react-dom.production.min.js:106:380)
    at react-dom.production.min.js:117:104
(anonymous) @ useConfigurationDialogController.ts:271
(anonymous) @ useConfigurationDialogController.ts:468
(anonymous) @ BaseDialog.js:71
onClick @ BaseButton.js:197
ke @ react-dom.production.min.js:54
je @ react-dom.production.min.js:54
(anonymous) @ react-dom.production.min.js:55
Ra @ react-dom.production.min.js:105
Pa @ react-dom.production.min.js:106
(anonymous) @ react-dom.production.min.js:117
dc @ react-dom.production.min.js:274
Te @ react-dom.production.min.js:52
Ua @ react-dom.production.min.js:109
Kt @ react-dom.production.min.js:74
Wt @ react-dom.production.min.js:73
Show 13 more frames
Show less
useConfigurationDialogController.ts:271  Uncaught (in promise) TypeError: Cannot read properties of null (reading 'focus')
    at useConfigurationDialogController.ts:271:67
    at useConfigurationDialogController.ts:468:10
    at BaseDialog.js:71:28
    at onClick (BaseButton.js:197:11)
    at Object.ke (react-dom.production.min.js:54:317)
    at je (react-dom.production.min.js:54:471)
    at react-dom.production.min.js:55:35
    at Ra (react-dom.production.min.js:105:68)
    at Pa (react-dom.production.min.js:106:380)
    at react-dom.production.min.js:117:104
(anonymous) @ useConfigurationDialogController.ts:271
(anonymous) @ useConfigurationDialogController.ts:468
(anonymous) @ BaseDialog.js:71
onClick @ BaseButton.js:197
ke @ react-dom.production.min.js:54
je @ react-dom.production.min.js:54
(anonymous) @ react-dom.production.min.js:55
Ra @ react-dom.production.min.js:105
Pa @ react-dom.production.min.js:106
(anonymous) @ react-dom.production.min.js:117
dc @ react-dom.production.min.js:274
Te @ react-dom.production.min.js:52
Ua @ react-dom.production.min.js:109
Kt @ react-dom.production.min.js:74
Wt @ react-dom.production.min.js:73
Show 13 more frames
Show less
useConfigurationDialogController.ts:271  Uncaught (in promise) TypeError: Cannot read properties of null (reading 'focus')
    at useConfigurationDialogController.ts:271:67
    at useConfigurationDialogController.ts:468:10
    at BaseDialog.js:71:28
    at onClick (BaseButton.js:197:11)
    at Object.ke (react-dom.production.min.js:54:317)
    at je (react-dom.production.min.js:54:471)
    at react-dom.production.min.js:55:35
    at Ra (react-dom.production.min.js:105:68)
    at Pa (react-dom.production.min.js:106:380)
    at react-dom.production.min.js:117:104
(anonymous) @ useConfigurationDialogController.ts:271
(anonymous) @ useConfigurationDialogController.ts:468
(anonymous) @ BaseDialog.js:71
onClick @ BaseButton.js:197
ke @ react-dom.production.min.js:54
je @ react-dom.production.min.js:54
(anonymous) @ react-dom.production.min.js:55
Ra @ react-dom.production.min.js:105
Pa @ react-dom.production.min.js:106
(anonymous) @ react-dom.production.min.js:117
dc @ react-dom.production.min.js:274
Te @ react-dom.production.min.js:52
Ua @ react-dom.production.min.js:109
Kt @ react-dom.production.min.js:74
Wt @ react-dom.production.min.js:73
Show 13 more frames
Show less
useConfigurationDialogController.ts:271  Uncaught (in promise) TypeError: Cannot read properties of null (reading 'focus')
    at useConfigurationDialogController.ts:271:67
    at useConfigurationDialogController.ts:468:10
    at BaseDialog.js:71:28
    at onClick (BaseButton.js:197:11)
    at Object.ke (react-dom.production.min.js:54:317)
    at je (react-dom.production.min.js:54:471)
    at react-dom.production.min.js:55:35
    at Ra (react-dom.production.min.js:105:68)
    at Pa (react-dom.production.min.js:106:380)
    at react-dom.production.min.js:117:104
(anonymous) @ useConfigurationDialogController.ts:271
(anonymous) @ useConfigurationDialogController.ts:468
(anonymous) @ BaseDialog.js:71
onClick @ BaseButton.js:197
ke @ react-dom.production.min.js:54
je @ react-dom.production.min.js:54
(anonymous) @ react-dom.production.min.js:55
Ra @ react-dom.production.min.js:105
Pa @ react-dom.production.min.js:106
(anonymous) @ react-dom.production.min.js:117
dc @ react-dom.production.min.js:274
Te @ react-dom.production.min.js:52
Ua @ react-dom.production.min.js:109
Kt @ react-dom.production.min.js:74
Wt @ react-dom.production.min.js:73
Show 13 more frames
Show less
useConfigurationDialogController.ts:271  Uncaught (in promise) TypeError: Cannot read properties of null (reading 'focus')
    at useConfigurationDialogController.ts:271:67
    at useConfigurationDialogController.ts:468:10
    at BaseDialog.js:71:28
    at onClick (BaseButton.js:197:11)
    at Object.ke (react-dom.production.min.js:54:317)
    at je (react-dom.production.min.js:54:471)
    at react-dom.production.min.js:55:35
    at Ra (react-dom.production.min.js:105:68)
    at Pa (react-dom.production.min.js:106:380)
    at react-dom.production.min.js:117:104
(anonymous) @ useConfigurationDialogController.ts:271
(anonymous) @ useConfigurationDialogController.ts:468
(anonymous) @ BaseDialog.js:71
onClick @ BaseButton.js:197
ke @ react-dom.production.min.js:54
je @ react-dom.production.min.js:54
(anonymous) @ react-dom.production.min.js:55
Ra @ react-dom.production.min.js:105
Pa @ react-dom.production.min.js:106
(anonymous) @ react-dom.production.min.js:117
dc @ react-dom.production.min.js:274
Te @ react-dom.production.min.js:52
Ua @ react-dom.production.min.js:109
Kt @ react-dom.production.min.js:74
Wt @ react-dom.production.min.js:73
Show 13 more frames
Show less
useConfigurationDialogController.ts:271  Uncaught (in promise) TypeError: Cannot read properties of null (reading 'focus')
    at useConfigurationDialogController.ts:271:67
    at useConfigurationDialogController.ts:468:10
    at BaseDialog.js:71:28
    at onClick (BaseButton.js:197:11)
    at Object.ke (react-dom.production.min.js:54:317)
    at je (react-dom.production.min.js:54:471)
    at react-dom.production.min.js:55:35
    at Ra (react-dom.production.min.js:105:68)
    at Pa (react-dom.production.min.js:106:380)
    at react-dom.production.min.js:117:104
(anonymous) @ useConfigurationDialogController.ts:271
(anonymous) @ useConfigurationDialogController.ts:468
(anonymous) @ BaseDialog.js:71
onClick @ BaseButton.js:197
ke @ react-dom.production.min.js:54
je @ react-dom.production.min.js:54
(anonymous) @ react-dom.production.min.js:55
Ra @ react-dom.production.min.js:105
Pa @ react-dom.production.min.js:106
(anonymous) @ react-dom.production.min.js:117
dc @ react-dom.production.min.js:274
Te @ react-dom.production.min.js:52
Ua @ react-dom.production.min.js:109
Kt @ react-dom.production.min.js:74
Wt @ react-dom.production.min.js:73
Show 13 more frames
Show less
useConfigurationDialogController.ts:271  Uncaught (in promise) TypeError: Cannot read properties of null (reading 'focus')
    at useConfigurationDialogController.ts:271:67
    at useConfigurationDialogController.ts:468:10
    at BaseDialog.js:71:28
    at onClick (BaseButton.js:197:11)
    at Object.ke (react-dom.production.min.js:54:317)
    at je (react-dom.production.min.js:54:471)
    at react-dom.production.min.js:55:35
    at Ra (react-dom.production.min.js:105:68)
    at Pa (react-dom.production.min.js:106:380)
    at react-dom.production.min.js:117:104
(anonymous) @ useConfigurationDialogController.ts:271
(anonymous) @ useConfigurationDialogController.ts:468
(anonymous) @ BaseDialog.js:71
onClick @ BaseButton.js:197
ke @ react-dom.production.min.js:54
je @ react-dom.production.min.js:54
(anonymous) @ react-dom.production.min.js:55
Ra @ react-dom.production.min.js:105
Pa @ react-dom.production.min.js:106
(anonymous) @ react-dom.production.min.js:117
dc @ react-dom.production.min.js:274
Te @ react-dom.production.min.js:52
Ua @ react-dom.production.min.js:109
Kt @ react-dom.production.min.js:74
Wt @ react-dom.production.min.js:73
Show 13 more frames
Show less
useConfigurationDialogController.ts:271  Uncaught (in promise) TypeError: Cannot read properties of null (reading 'focus')
    at useConfigurationDialogController.ts:271:67
    at useConfigurationDialogController.ts:468:10
    at BaseDialog.js:71:28
    at onClick (BaseButton.js:197:11)
    at Object.ke (react-dom.production.min.js:54:317)
    at je (react-dom.production.min.js:54:471)
    at react-dom.production.min.js:55:35
    at Ra (react-dom.production.min.js:105:68)
    at Pa (react-dom.production.min.js:106:380)
    at react-dom.production.min.js:117:104
(anonymous) @ useConfigurationDialogController.ts:271
(anonymous) @ useConfigurationDialogController.ts:468
(anonymous) @ BaseDialog.js:71
onClick @ BaseButton.js:197
ke @ react-dom.production.min.js:54
je @ react-dom.production.min.js:54
(anonymous) @ react-dom.production.min.js:55
Ra @ react-dom.production.min.js:105
Pa @ react-dom.production.min.js:106
(anonymous) @ react-dom.production.min.js:117
dc @ react-dom.production.min.js:274
Te @ react-dom.production.min.js:52
Ua @ react-dom.production.min.js:109
Kt @ react-dom.production.min.js:74
Wt @ react-dom.production.min.js:73
Show 13 more frames
Show less
useConfigurationDialogController.ts:271  Uncaught (in promise) TypeError: Cannot read properties of null (reading 'focus')
    at useConfigurationDialogController.ts:271:67
    at useConfigurationDialogController.ts:468:10
    at BaseDialog.js:71:28
    at onClick (BaseButton.js:197:11)
    at Object.ke (react-dom.production.min.js:54:317)
    at je (react-dom.production.min.js:54:471)
    at react-dom.production.min.js:55:35
    at Ra (react-dom.production.min.js:105:68)
    at Pa (react-dom.production.min.js:106:380)
    at react-dom.production.min.js:117:104
(anonymous) @ useConfigurationDialogController.ts:271
(anonymous) @ useConfigurationDialogController.ts:468
(anonymous) @ BaseDialog.js:71
onClick @ BaseButton.js:197
ke @ react-dom.production.min.js:54
je @ react-dom.production.min.js:54
(anonymous) @ react-dom.production.min.js:55
Ra @ react-dom.production.min.js:105
Pa @ react-dom.production.min.js:106
(anonymous) @ react-dom.production.min.js:117
dc @ react-dom.production.min.js:274
Te @ react-dom.production.min.js:52
Ua @ react-dom.production.min.js:109
Kt @ react-dom.production.min.js:74
Wt @ react-dom.production.min.js:73
Show 13 more frames
Show less
useConfigurationDialogController.ts:271  Uncaught (in promise) TypeError: Cannot read properties of null (reading 'focus')
    at useConfigurationDialogController.ts:271:67
    at useConfigurationDialogController.ts:468:10
    at BaseDialog.js:71:28
    at onClick (BaseButton.js:197:11)
    at Object.ke (react-dom.production.min.js:54:317)
    at je (react-dom.production.min.js:54:471)
    at react-dom.production.min.js:55:35
    at Ra (react-dom.production.min.js:105:68)
    at Pa (react-dom.production.min.js:106:380)
    at react-dom.production.min.js:117:104
(anonymous) @ useConfigurationDialogController.ts:271
(anonymous) @ useConfigurationDialogController.ts:468
(anonymous) @ BaseDialog.js:71
onClick @ BaseButton.js:197
ke @ react-dom.production.min.js:54
je @ react-dom.production.min.js:54
(anonymous) @ react-dom.production.min.js:55
Ra @ react-dom.production.min.js:105
Pa @ react-dom.production.min.js:106
(anonymous) @ react-dom.production.min.js:117
dc @ react-dom.production.min.js:274
Te @ react-dom.production.min.js:52
Ua @ react-dom.production.min.js:109
Kt @ react-dom.production.min.js:74
Wt @ react-dom.production.min.js:73
Show 13 more frames
Show less
useConfigurationDialogController.ts:271  Uncaught (in promise) TypeError: Cannot read properties of null (reading 'focus')
    at useConfigurationDialogController.ts:271:67
    at useConfigurationDialogController.ts:468:10
    at BaseDialog.js:71:28
    at onClick (BaseButton.js:197:11)
    at Object.ke (react-dom.production.min.js:54:317)
    at je (react-dom.production.min.js:54:471)
    at react-dom.production.min.js:55:35
    at Ra (react-dom.production.min.js:105:68)
    at Pa (react-dom.production.min.js:106:380)
    at react-dom.production.min.js:117:104
(anonymous) @ useConfigurationDialogController.ts:271
(anonymous) @ useConfigurationDialogController.ts:468
(anonymous) @ BaseDialog.js:71
onClick @ BaseButton.js:197
ke @ react-dom.production.min.js:54
je @ react-dom.production.min.js:54
(anonymous) @ react-dom.production.min.js:55
Ra @ react-dom.production.min.js:105
Pa @ react-dom.production.min.js:106
(anonymous) @ react-dom.production.min.js:117
dc @ react-dom.production.min.js:274
Te @ react-dom.production.min.js:52
Ua @ react-dom.production.min.js:109
Kt @ react-dom.production.min.js:74
Wt @ react-dom.production.min.js:73
Show 13 more frames
Show less
useConfigurationDialogController.ts:271  Uncaught (in promise) TypeError: Cannot read properties of null (reading 'focus')
    at useConfigurationDialogController.ts:271:67
    at useConfigurationDialogController.ts:468:10
    at BaseDialog.js:71:28
    at onClick (BaseButton.js:197:11)
    at Object.ke (react-dom.production.min.js:54:317)
    at je (react-dom.production.min.js:54:471)
    at react-dom.production.min.js:55:35
    at Ra (react-dom.production.min.js:105:68)
    at Pa (react-dom.production.min.js:106:380)
    at react-dom.production.min.js:117:104
(anonymous) @ useConfigurationDialogController.ts:271
(anonymous) @ useConfigurationDialogController.ts:468
(anonymous) @ BaseDialog.js:71
onClick @ BaseButton.js:197
ke @ react-dom.production.min.js:54
je @ react-dom.production.min.js:54
(anonymous) @ react-dom.production.min.js:55
Ra @ react-dom.production.min.js:105
Pa @ react-dom.production.min.js:106
(anonymous) @ react-dom.production.min.js:117
dc @ react-dom.production.min.js:274
Te @ react-dom.production.min.js:52
Ua @ react-dom.production.min.js:109
Kt @ react-dom.production.min.js:74
Wt @ react-dom.production.min.js:73
Show 13 more frames
Show less
useConfigurationDialogController.ts:271  Uncaught (in promise) TypeError: Cannot read properties of null (reading 'focus')
    at useConfigurationDialogController.ts:271:67
    at useConfigurationDialogController.ts:468:10
    at BaseDialog.js:71:28
    at onClick (BaseButton.js:197:11)
    at Object.ke (react-dom.production.min.js:54:317)
    at je (react-dom.production.min.js:54:471)
    at react-dom.production.min.js:55:35
    at Ra (react-dom.production.min.js:105:68)
    at Pa (react-dom.production.min.js:106:380)
    at react-dom.production.min.js:117:104
(anonymous) @ useConfigurationDialogController.ts:271
(anonymous) @ useConfigurationDialogController.ts:468
(anonymous) @ BaseDialog.js:71
onClick @ BaseButton.js:197
ke @ react-dom.production.min.js:54
je @ react-dom.production.min.js:54
(anonymous) @ react-dom.production.min.js:55
Ra @ react-dom.production.min.js:105
Pa @ react-dom.production.min.js:106
(anonymous) @ react-dom.production.min.js:117
dc @ react-dom.production.min.js:274
Te @ react-dom.production.min.js:52
Ua @ react-dom.production.min.js:109
Kt @ react-dom.production.min.js:74
Wt @ react-dom.production.min.js:73
Show 13 more frames
Show less
useConfigurationDialogController.ts:271  Uncaught (in promise) TypeError: Cannot read properties of null (reading 'focus')
    at useConfigurationDialogController.ts:271:67
    at useConfigurationDialogController.ts:468:10
    at BaseDialog.js:71:28
    at onClick (BaseButton.js:197:11)
    at Object.ke (react-dom.production.min.js:54:317)
    at je (react-dom.production.min.js:54:471)
    at react-dom.production.min.js:55:35
    at Ra (react-dom.production.min.js:105:68)
    at Pa (react-dom.production.min.js:106:380)
    at react-dom.production.min.js:117:104
(anonymous) @ useConfigurationDialogController.ts:271
(anonymous) @ useConfigurationDialogController.ts:468
(anonymous) @ BaseDialog.js:71
onClick @ BaseButton.js:197
ke @ react-dom.production.min.js:54
je @ react-dom.production.min.js:54
(anonymous) @ react-dom.production.min.js:55
Ra @ react-dom.production.min.js:105
Pa @ react-dom.production.min.js:106
(anonymous) @ react-dom.production.min.js:117
dc @ react-dom.production.min.js:274
Te @ react-dom.production.min.js:52
Ua @ react-dom.production.min.js:109
Kt @ react-dom.production.min.js:74
Wt @ react-dom.production.min.js:73
Show 13 more frames
Show less
useConfigurationDialogController.ts:271  Uncaught (in promise) TypeError: Cannot read properties of null (reading 'focus')
    at useConfigurationDialogController.ts:271:67
    at useConfigurationDialogController.ts:468:10
    at BaseDialog.js:71:28
    at onClick (BaseButton.js:197:11)
    at Object.ke (react-dom.production.min.js:54:317)
    at je (react-dom.production.min.js:54:471)
    at react-dom.production.min.js:55:35
    at Ra (react-dom.production.min.js:105:68)
    at Pa (react-dom.production.min.js:106:380)
    at react-dom.production.min.js:117:104
(anonymous) @ useConfigurationDialogController.ts:271
(anonymous) @ useConfigurationDialogController.ts:468
(anonymous) @ BaseDialog.js:71
onClick @ BaseButton.js:197
ke @ react-dom.production.min.js:54
je @ react-dom.production.min.js:54
(anonymous) @ react-dom.production.min.js:55
Ra @ react-dom.production.min.js:105
Pa @ react-dom.production.min.js:106
(anonymous) @ react-dom.production.min.js:117
dc @ react-dom.production.min.js:274
Te @ react-dom.production.min.js:52
Ua @ react-dom.production.min.js:109
Kt @ react-dom.production.min.js:74
Wt @ react-dom.production.min.js:73
Show 13 more frames
Show less
useConfigurationDialogController.ts:271  Uncaught (in promise) TypeError: Cannot read properties of null (reading 'focus')
    at useConfigurationDialogController.ts:271:67
    at useConfigurationDialogController.ts:468:10
    at BaseDialog.js:71:28
    at onClick (BaseButton.js:197:11)
    at Object.ke (react-dom.production.min.js:54:317)
    at je (react-dom.production.min.js:54:471)
    at react-dom.production.min.js:55:35
    at Ra (react-dom.production.min.js:105:68)
    at Pa (react-dom.production.min.js:106:380)
    at react-dom.production.min.js:117:104
(anonymous) @ useConfigurationDialogController.ts:271
(anonymous) @ useConfigurationDialogController.ts:468
(anonymous) @ BaseDialog.js:71
onClick @ BaseButton.js:197
ke @ react-dom.production.min.js:54
je @ react-dom.production.min.js:54
(anonymous) @ react-dom.production.min.js:55
Ra @ react-dom.production.min.js:105
Pa @ react-dom.production.min.js:106
(anonymous) @ react-dom.production.min.js:117
dc @ react-dom.production.min.js:274
Te @ react-dom.production.min.js:52
Ua @ react-dom.production.min.js:109
Kt @ react-dom.production.min.js:74
Wt @ react-dom.production.min.js:73
Show 13 more frames
Show less
useConfigurationDialogController.ts:271  Uncaught (in promise) TypeError: Cannot read properties of null (reading 'focus')
    at useConfigurationDialogController.ts:271:67
    at useConfigurationDialogController.ts:468:10
    at BaseDialog.js:71:28
    at onClick (BaseButton.js:197:11)
    at Object.ke (react-dom.production.min.js:54:317)
    at je (react-dom.production.min.js:54:471)
    at react-dom.production.min.js:55:35
    at Ra (react-dom.production.min.js:105:68)
    at Pa (react-dom.production.min.js:106:380)
    at react-dom.production.min.js:117:104
(anonymous) @ useConfigurationDialogController.ts:271
(anonymous) @ useConfigurationDialogController.ts:468
(anonymous) @ BaseDialog.js:71
onClick @ BaseButton.js:197
ke @ react-dom.production.min.js:54
je @ react-dom.production.min.js:54
(anonymous) @ react-dom.production.min.js:55
Ra @ react-dom.production.min.js:105
Pa @ react-dom.production.min.js:106
(anonymous) @ react-dom.production.min.js:117
dc @ react-dom.production.min.js:274
Te @ react-dom.production.min.js:52
Ua @ react-dom.production.min.js:109
Kt @ react-dom.production.min.js:74
Wt @ react-dom.production.min.js:73
Show 13 more frames
Show less
useConfigurationDialogController.ts:271  Uncaught (in promise) TypeError: Cannot read properties of null (reading 'focus')
    at useConfigurationDialogController.ts:271:67
    at useConfigurationDialogController.ts:468:10
    at BaseDialog.js:71:28
    at onClick (BaseButton.js:197:11)
    at Object.ke (react-dom.production.min.js:54:317)
    at je (react-dom.production.min.js:54:471)
    at react-dom.production.min.js:55:35
    at Ra (react-dom.production.min.js:105:68)
    at Pa (react-dom.production.min.js:106:380)
    at react-dom.production.min.js:117:104
(anonymous) @ useConfigurationDialogController.ts:271
(anonymous) @ useConfigurationDialogController.ts:468
(anonymous) @ BaseDialog.js:71
onClick @ BaseButton.js:197
ke @ react-dom.production.min.js:54
je @ react-dom.production.min.js:54
(anonymous) @ react-dom.production.min.js:55
Ra @ react-dom.production.min.js:105
Pa @ react-dom.production.min.js:106
(anonymous) @ react-dom.production.min.js:117
dc @ react-dom.production.min.js:274
Te @ react-dom.production.min.js:52
Ua @ react-dom.production.min.js:109
Kt @ react-dom.production.min.js:74
Wt @ react-dom.production.min.js:73
Show 13 more frames
Show less
useConfigurationDialogController.ts:271  Uncaught (in promise) TypeError: Cannot read properties of null (reading 'focus')
    at useConfigurationDialogController.ts:271:67
    at useConfigurationDialogController.ts:468:10
    at BaseDialog.js:71:28
    at onClick (BaseButton.js:197:11)
    at Object.ke (react-dom.production.min.js:54:317)
    at je (react-dom.production.min.js:54:471)
    at react-dom.production.min.js:55:35
    at Ra (react-dom.production.min.js:105:68)
    at Pa (react-dom.production.min.js:106:380)
    at react-dom.production.min.js:117:104
(anonymous) @ useConfigurationDialogController.ts:271
(anonymous) @ useConfigurationDialogController.ts:468
(anonymous) @ BaseDialog.js:71
onClick @ BaseButton.js:197
ke @ react-dom.production.min.js:54
je @ react-dom.production.min.js:54
(anonymous) @ react-dom.production.min.js:55
Ra @ react-dom.production.min.js:105
Pa @ react-dom.production.min.js:106
(anonymous) @ react-dom.production.min.js:117
dc @ react-dom.production.min.js:274
Te @ react-dom.production.min.js:52
Ua @ react-dom.production.min.js:109
Kt @ react-dom.production.min.js:74
Wt @ react-dom.production.min.js:73
Show 13 more frames
Show less
useConfigurationDialogController.ts:271  Uncaught (in promise) TypeError: Cannot read properties of null (reading 'focus')
    at useConfigurationDialogController.ts:271:67
    at useConfigurationDialogController.ts:468:10
    at BaseDialog.js:71:28
    at onClick (BaseButton.js:197:11)
    at Object.ke (react-dom.production.min.js:54:317)
    at je (react-dom.production.min.js:54:471)
    at react-dom.production.min.js:55:35
    at Ra (react-dom.production.min.js:105:68)
    at Pa (react-dom.production.min.js:106:380)
    at react-dom.production.min.js:117:104
(anonymous) @ useConfigurationDialogController.ts:271
(anonymous) @ useConfigurationDialogController.ts:468
(anonymous) @ BaseDialog.js:71
onClick @ BaseButton.js:197
ke @ react-dom.production.min.js:54
je @ react-dom.production.min.js:54
(anonymous) @ react-dom.production.min.js:55
Ra @ react-dom.production.min.js:105
Pa @ react-dom.production.min.js:106
(anonymous) @ react-dom.production.min.js:117
dc @ react-dom.production.min.js:274
Te @ react-dom.production.min.js:52
Ua @ react-dom.production.min.js:109
Kt @ react-dom.production.min.js:74
Wt @ react-dom.production.min.js:73
Show 13 more frames
Show less
useConfigurationDialogController.ts:271  Uncaught (in promise) TypeError: Cannot read properties of null (reading 'focus')
    at useConfigurationDialogController.ts:271:67
    at useConfigurationDialogController.ts:468:10
    at BaseDialog.js:71:28
    at onClick (BaseButton.js:197:11)
    at Object.ke (react-dom.production.min.js:54:317)
    at je (react-dom.production.min.js:54:471)
    at react-dom.production.min.js:55:35
    at Ra (react-dom.production.min.js:105:68)
    at Pa (react-dom.production.min.js:106:380)
    at react-dom.production.min.js:117:104
(anonymous) @ useConfigurationDialogController.ts:271
(anonymous) @ useConfigurationDialogController.ts:468
(anonymous) @ BaseDialog.js:71
onClick @ BaseButton.js:197
ke @ react-dom.production.min.js:54
je @ react-dom.production.min.js:54
(anonymous) @ react-dom.production.min.js:55
Ra @ react-dom.production.min.js:105
Pa @ react-dom.production.min.js:106
(anonymous) @ react-dom.production.min.js:117
dc @ react-dom.production.min.js:274
Te @ react-dom.production.min.js:52
Ua @ react-dom.production.min.js:109
Kt @ react-dom.production.min.js:74
Wt @ react-dom.production.min.js:73
Show 13 more frames
Show less
